app/build/outputs/logs/manifest-merger-debug-report.txt
-- Merging decision tree log ---
manifest
ADDED from src\main\AndroidManifest.xml:2:1-128:12
INJECTED from src\main\AndroidManifest.xml:2:1-128:12
INJECTED from src\main\AndroidManifest.xml:2:1-128:12
INJECTED from src\main\AndroidManifest.xml:2:1-128:12
MERGED from [com.android.support:design:28.0.0] AndroidManifest.xml:17:1-24:12
MERGED from [com.weiwangcn.betterspinner:library-material:1.1.0] AndroidManifest.xml:2:1-16:12
MERGED from [com.rengwuxian.materialedittext:library:2.0.3] AndroidManifest.xml:2:1-10:12
MERGED from [com.android.support:appcompat-v7:28.0.0] AndroidManifest.xml:17:1-22:12
MERGED from [com.google.firebase:firebase-core:16.0.4] AndroidManifest.xml:2:1-9:12
MERGED from [com.google.firebase:firebase-messaging:17.3.3] AndroidManifest.xml:17:1-37:12
MERGED from [com.android.support.constraint:constraint-layout:1.1.3] AndroidManifest.xml:2:1-11:12
MERGED from [com.google.android.gms:play-services-maps:16.1.0] AndroidManifest.xml:17:1-38:12
MERGED from [com.google.firebase:firebase-database:16.0.1] AndroidManifest.xml:2:1-8:12
MERGED from [com.google.firebase:firebase-auth:16.0.4] AndroidManifest.xml:17:1-38:12
MERGED from [com.google.firebase:firebase-measurement-connector-impl:17.0.2] AndroidManifest.xml:17:1-34:12
MERGED from [com.google.firebase:firebase-analytics:16.0.4] AndroidManifest.xml:17:1-55:12
MERGED from [com.google.android.gms:play-services-measurement-api:16.0.2] AndroidManifest.xml:17:1-25:12
MERGED from [com.google.firebase:firebase-analytics-impl:16.2.2] AndroidManifest.xml:17:1-40:12
MERGED from [com.google.firebase:firebase-iid:17.0.3] AndroidManifest.xml:17:1-59:12
MERGED from [com.google.firebase:firebase-measurement-connector:17.0.1] AndroidManifest.xml:17:1-25:12
MERGED from [com.google.firebase:firebase-storage:16.0.3] AndroidManifest.xml:15:1-26:12
MERGED from [com.google.android.gms:play-services-flags:16.0.1] AndroidManifest.xml:17:1-22:12
MERGED from [com.google.firebase:firebase-auth-interop:16.0.1] AndroidManifest.xml:2:1-10:12
MERGED from [com.google.firebase:firebase-iid-interop:16.0.1] AndroidManifest.xml:2:1-10:12
MERGED from [com.google.android.gms:play-services-base:16.0.1] AndroidManifest.xml:17:1-29:12
MERGED from [com.google.firebase:firebase-database-collection:15.0.1] AndroidManifest.xml:2:1-8:12
MERGED from [com.google.firebase:firebase-database-connection:16.0.1] AndroidManifest.xml:2:1-10:12
MERGED from [com.google.android.gms:play-services-stats:16.0.1] AndroidManifest.xml:2:1-9:12
MERGED from [com.google.android.gms:play-services-ads-identifier:16.0.0] AndroidManifest.xml:17:1-24:12
MERGED from [com.google.firebase:firebase-common:16.0.3] AndroidManifest.xml:2:1-17:12
MERGED from [com.google.android.gms:play-services-tasks:16.0.1] AndroidManifest.xml:2:1-9:12
MERGED from [com.google.android.gms:play-services-basement:16.0.1] AndroidManifest.xml:17:1-28:12
MERGED from [com.android.support:support-v4:28.0.0] AndroidManifest.xml:17:1-22:12
MERGED from [com.android.volley:volley:1.1.1] AndroidManifest.xml:2:1-11:12
MERGED from [com.github.lecho:hellocharts-library:1.5.8] AndroidManifest.xml:2:1-11:12
MERGED from [com.android.support:recyclerview-v7:28.0.0] AndroidManifest.xml:17:1-22:12
MERGED from [com.android.support:animated-vector-drawable:28.0.0] AndroidManifest.xml:17:1-22:12
MERGED from [com.android.support:support-vector-drawable:28.0.0] AndroidManifest.xml:17:1-22:12
MERGED from [com.android.support:cardview-v7:28.0.0] AndroidManifest.xml:17:1-22:12
MERGED from [com.parse:parse-livequery-android:1.0.6] AndroidManifest.xml:10:1-22:12
MERGED from [com.squareup.picasso:picasso:2.71828] AndroidManifest.xml:2:1-14:12
MERGED from [com.android.support:support-fragment:28.0.0] AndroidManifest.xml:17:1-22:12
MERGED from [com.android.support:support-core-ui:28.0.0] AndroidManifest.xml:17:1-22:12
MERGED from [com.android.support:transition:28.0.0] AndroidManifest.xml:17:1-22:12
MERGED from [com.android.support:viewpager:28.0.0] AndroidManifest.xml:17:1-22:12
MERGED from [com.android.support:coordinatorlayout:28.0.0] AndroidManifest.xml:17:1-22:12
MERGED from [com.android.support:drawerlayout:28.0.0] AndroidManifest.xml:17:1-22:12
MERGED from [com.android.support:slidingpanelayout:28.0.0] AndroidManifest.xml:17:1-22:12
MERGED from [com.android.support:customview:28.0.0] AndroidManifest.xml:17:1-22:12
MERGED from [com.android.support:swiperefreshlayout:28.0.0] AndroidManifest.xml:17:1-22:12
MERGED from [com.android.support:asynclayoutinflater:28.0.0] AndroidManifest.xml:17:1-22:12
MERGED from [com.android.support:support-core-utils:28.0.0] AndroidManifest.xml:17:1-22:12
MERGED from [com.android.support:loader:28.0.0] AndroidManifest.xml:17:1-22:12
MERGED from [com.android.support:support-media-compat:28.0.0] AndroidManifest.xml:17:1-22:12
MERGED from [com.android.support:support-compat:28.0.0] AndroidManifest.xml:17:1-24:12
MERGED from [android.arch.lifecycle:livedata:1.1.1] AndroidManifest.xml:17:1-22:12
MERGED from [android.arch.lifecycle:livedata-core:1.1.1] AndroidManifest.xml:17:1-22:12
MERGED from [android.arch.core:runtime:1.1.1] AndroidManifest.xml:17:1-22:12
MERGED from [android.arch.lifecycle:runtime:1.1.1] AndroidManifest.xml:17:1-22:12
MERGED from [com.android.support:exifinterface:27.1.0] AndroidManifest.xml:17:1-22:12
MERGED from [com.android.support:versionedparcelable:28.0.0] AndroidManifest.xml:17:1-25:12
MERGED from [com.android.support:interpolator:28.0.0] AndroidManifest.xml:17:1-22:12
MERGED from [com.android.support:cursoradapter:28.0.0] AndroidManifest.xml:17:1-22:12
MERGED from [com.android.support:documentfile:28.0.0] AndroidManifest.xml:17:1-22:12
MERGED from [com.android.support:localbroadcastmanager:28.0.0] AndroidManifest.xml:17:1-22:12
MERGED from [com.android.support:print:28.0.0] AndroidManifest.xml:17:1-22:12
MERGED from [android.arch.lifecycle:viewmodel:1.1.1] AndroidManifest.xml:17:1-22:12
MERGED from [com.google.android.gms:play-services-measurement-base:16.0.3] AndroidManifest.xml:2:1-9:12
INJECTED from src\main\AndroidManifest.xml:2:1-128:12
INJECTED from src\main\AndroidManifest.xml:2:1-128:12
INJECTED from src\main\AndroidManifest.xml:2:1-128:12
	package
		ADDED from src\main\AndroidManifest.xml:4:5-37
		INJECTED from src\main\AndroidManifest.xml
		INJECTED from src\main\AndroidManifest.xml
	android:versionName
		INJECTED from src\main\AndroidManifest.xml
		ADDED from src\main\AndroidManifest.xml:2:1-128:12
		INJECTED from src\main\AndroidManifest.xml
	xmlns:tools
		ADDED from src\main\AndroidManifest.xml:3:5-51
	android:versionCode
		INJECTED from src\main\AndroidManifest.xml
		ADDED from src\main\AndroidManifest.xml:2:1-128:12
		INJECTED from src\main\AndroidManifest.xml
	xmlns:android
		ADDED from src\main\AndroidManifest.xml:2:11-69
uses-feature#android.hardware.Camera
ADDED from src\main\AndroidManifest.xml:6:5-8:35
	android:required
		ADDED from src\main\AndroidManifest.xml:8:9-32
	android:name
		ADDED from src\main\AndroidManifest.xml:7:9-47
uses-permission#android.permission.INTERNET
ADDED from src\main\AndroidManifest.xml:16:5-67
MERGED from [com.google.android.gms:play-services-maps:16.1.0] AndroidManifest.xml:24:5-67
MERGED from [com.google.android.gms:play-services-maps:16.1.0] AndroidManifest.xml:24:5-67
MERGED from [com.google.firebase:firebase-measurement-connector-impl:17.0.2] AndroidManifest.xml:22:5-67
MERGED from [com.google.firebase:firebase-measurement-connector-impl:17.0.2] AndroidManifest.xml:22:5-67
MERGED from [com.google.firebase:firebase-analytics:16.0.4] AndroidManifest.xml:23:5-67
MERGED from [com.google.firebase:firebase-analytics:16.0.4] AndroidManifest.xml:23:5-67
MERGED from [com.google.firebase:firebase-analytics-impl:16.2.2] AndroidManifest.xml:23:5-67
MERGED from [com.google.firebase:firebase-analytics-impl:16.2.2] AndroidManifest.xml:23:5-67
MERGED from [com.google.firebase:firebase-iid:17.0.3] AndroidManifest.xml:23:5-67
MERGED from [com.google.firebase:firebase-iid:17.0.3] AndroidManifest.xml:23:5-67
MERGED from [com.google.firebase:firebase-storage:16.0.3] AndroidManifest.xml:24:5-67
MERGED from [com.google.firebase:firebase-storage:16.0.3] AndroidManifest.xml:24:5-67
MERGED from [com.google.firebase:firebase-database-connection:16.0.1] AndroidManifest.xml:8:5-67
MERGED from [com.google.firebase:firebase-database-connection:16.0.1] AndroidManifest.xml:8:5-67
	android:name
		ADDED from src\main\AndroidManifest.xml:16:22-64
uses-permission#android.permission.CALL_PHONE
ADDED from src\main\AndroidManifest.xml:17:5-69
	android:name
		ADDED from src\main\AndroidManifest.xml:17:22-66
uses-permission#android.permission.ACCESS_FINE_LOCATION
ADDED from src\main\AndroidManifest.xml:24:5-79
	android:name
		ADDED from src\main\AndroidManifest.xml:24:22-76
uses-permission#android.permission.VIBRATE
ADDED from src\main\AndroidManifest.xml:25:5-66
	android:name
		ADDED from src\main\AndroidManifest.xml:25:22-63
application
ADDED from src\main\AndroidManifest.xml:27:5-126:19
MERGED from [com.android.support:design:28.0.0] AndroidManifest.xml:22:5-20
MERGED from [com.android.support:design:28.0.0] AndroidManifest.xml:22:5-20
MERGED from [com.weiwangcn.betterspinner:library-material:1.1.0] AndroidManifest.xml:11:5-14:19
MERGED from [com.weiwangcn.betterspinner:library-material:1.1.0] AndroidManifest.xml:11:5-14:19
MERGED from [com.google.firebase:firebase-core:16.0.4] AndroidManifest.xml:7:5-20
MERGED from [com.google.firebase:firebase-core:16.0.4] AndroidManifest.xml:7:5-20
MERGED from [com.google.firebase:firebase-messaging:17.3.3] AndroidManifest.xml:22:5-35:19
MERGED from [com.google.firebase:firebase-messaging:17.3.3] AndroidManifest.xml:22:5-35:19
MERGED from [com.android.support.constraint:constraint-layout:1.1.3] AndroidManifest.xml:9:5-20
MERGED from [com.android.support.constraint:constraint-layout:1.1.3] AndroidManifest.xml:9:5-20
MERGED from [com.google.android.gms:play-services-maps:16.1.0] AndroidManifest.xml:30:5-36:19
MERGED from [com.google.android.gms:play-services-maps:16.1.0] AndroidManifest.xml:30:5-36:19
MERGED from [com.google.firebase:firebase-auth:16.0.4] AndroidManifest.xml:22:5-36:19
MERGED from [com.google.firebase:firebase-auth:16.0.4] AndroidManifest.xml:22:5-36:19
MERGED from [com.google.firebase:firebase-measurement-connector-impl:17.0.2] AndroidManifest.xml:26:5-32:19
MERGED from [com.google.firebase:firebase-measurement-connector-impl:17.0.2] AndroidManifest.xml:26:5-32:19
MERGED from [com.google.firebase:firebase-analytics:16.0.4] AndroidManifest.xml:28:5-53:19
MERGED from [com.google.firebase:firebase-analytics:16.0.4] AndroidManifest.xml:28:5-53:19
MERGED from [com.google.android.gms:play-services-measurement-api:16.0.2] AndroidManifest.xml:22:5-23:19
MERGED from [com.google.android.gms:play-services-measurement-api:16.0.2] AndroidManifest.xml:22:5-23:19
MERGED from [com.google.firebase:firebase-analytics-impl:16.2.2] AndroidManifest.xml:28:5-38:19
MERGED from [com.google.firebase:firebase-analytics-impl:16.2.2] AndroidManifest.xml:28:5-38:19
MERGED from [com.google.firebase:firebase-iid:17.0.3] AndroidManifest.xml:28:5-57:19
MERGED from [com.google.firebase:firebase-iid:17.0.3] AndroidManifest.xml:28:5-57:19
MERGED from [com.google.firebase:firebase-measurement-connector:17.0.1] AndroidManifest.xml:22:5-23:19
MERGED from [com.google.firebase:firebase-measurement-connector:17.0.1] AndroidManifest.xml:22:5-23:19
MERGED from [com.google.firebase:firebase-auth-interop:16.0.1] AndroidManifest.xml:7:5-8:19
MERGED from [com.google.firebase:firebase-auth-interop:16.0.1] AndroidManifest.xml:7:5-8:19
MERGED from [com.google.firebase:firebase-iid-interop:16.0.1] AndroidManifest.xml:7:5-8:19
MERGED from [com.google.firebase:firebase-iid-interop:16.0.1] AndroidManifest.xml:7:5-8:19
MERGED from [com.google.android.gms:play-services-base:16.0.1] AndroidManifest.xml:22:5-27:19
MERGED from [com.google.android.gms:play-services-base:16.0.1] AndroidManifest.xml:22:5-27:19
MERGED from [com.google.android.gms:play-services-stats:16.0.1] AndroidManifest.xml:7:5-20
MERGED from [com.google.android.gms:play-services-stats:16.0.1] AndroidManifest.xml:7:5-20
MERGED from [com.google.android.gms:play-services-ads-identifier:16.0.0] AndroidManifest.xml:22:5-20
MERGED from [com.google.android.gms:play-services-ads-identifier:16.0.0] AndroidManifest.xml:22:5-20
MERGED from [com.google.firebase:firebase-common:16.0.3] AndroidManifest.xml:9:5-15:19
MERGED from [com.google.firebase:firebase-common:16.0.3] AndroidManifest.xml:9:5-15:19
MERGED from [com.google.android.gms:play-services-tasks:16.0.1] AndroidManifest.xml:7:5-20
MERGED from [com.google.android.gms:play-services-tasks:16.0.1] AndroidManifest.xml:7:5-20
MERGED from [com.google.android.gms:play-services-basement:16.0.1] AndroidManifest.xml:22:5-26:19
MERGED from [com.google.android.gms:play-services-basement:16.0.1] AndroidManifest.xml:22:5-26:19
MERGED from [com.android.volley:volley:1.1.1] AndroidManifest.xml:9:5-20
MERGED from [com.android.volley:volley:1.1.1] AndroidManifest.xml:9:5-20
MERGED from [com.parse:parse-livequery-android:1.0.6] AndroidManifest.xml:20:5-20
MERGED from [com.parse:parse-livequery-android:1.0.6] AndroidManifest.xml:20:5-20
MERGED from [com.squareup.picasso:picasso:2.71828] AndroidManifest.xml:7:5-12:19
MERGED from [com.squareup.picasso:picasso:2.71828] AndroidManifest.xml:7:5-12:19
MERGED from [com.android.support:support-compat:28.0.0] AndroidManifest.xml:22:5-94
MERGED from [com.android.support:support-compat:28.0.0] AndroidManifest.xml:22:5-94
MERGED from [com.android.support:versionedparcelable:28.0.0] AndroidManifest.xml:22:5-23:19
MERGED from [com.android.support:versionedparcelable:28.0.0] AndroidManifest.xml:22:5-23:19
MERGED from [com.google.android.gms:play-services-measurement-base:16.0.3] AndroidManifest.xml:7:5-20
MERGED from [com.google.android.gms:play-services-measurement-base:16.0.3] AndroidManifest.xml:7:5-20
	android:appComponentFactory
		ADDED from [com.android.support:support-compat:28.0.0] AndroidManifest.xml:22:18-91
	android:supportsRtl
		ADDED from src\main\AndroidManifest.xml:34:9-35
	android:label
		ADDED from src\main\AndroidManifest.xml:31:9-41
	android:hardwareAccelerated
		ADDED from src\main\AndroidManifest.xml:29:9-44
	android:roundIcon
		ADDED from src\main\AndroidManifest.xml:33:9-54
	android:largeHeap
		ADDED from src\main\AndroidManifest.xml:32:9-33
	android:icon
		ADDED from src\main\AndroidManifest.xml:30:9-43
	android:allowBackup
		ADDED from src\main\AndroidManifest.xml:28:9-35
	android:theme
		ADDED from src\main\AndroidManifest.xml:35:9-40
activity#com.example.FloodAlert.MainActivity
ADDED from src\main\AndroidManifest.xml:36:9-42:20
	android:name
		ADDED from src\main\AndroidManifest.xml:36:19-47
intent-filter#action:name:android.intent.action.MAIN+category:name:android.intent.category.LAUNCHER
ADDED from src\main\AndroidManifest.xml:37:13-41:29
action#android.intent.action.MAIN
ADDED from src\main\AndroidManifest.xml:38:17-69
	android:name
		ADDED from src\main\AndroidManifest.xml:38:25-66
category#android.intent.category.LAUNCHER
ADDED from src\main\AndroidManifest.xml:40:17-77
	android:name
		ADDED from src\main\AndroidManifest.xml:40:27-74
service#com.example.FloodAlert.notification.MyFirebaseInstanceIdService
ADDED from src\main\AndroidManifest.xml:44:9-48:19
	android:name
		ADDED from src\main\AndroidManifest.xml:44:18-74
intent-filter#action:name:com.google.firebase.INSTANCE_ID_EVENT
ADDED from src\main\AndroidManifest.xml:45:13-47:29
action#com.google.firebase.INSTANCE_ID_EVENT
ADDED from src\main\AndroidManifest.xml:46:17-80
	android:name
		ADDED from src\main\AndroidManifest.xml:46:25-77
service#com.example.FloodAlert.notification.MyFirebaseMessagingService
ADDED from src\main\AndroidManifest.xml:49:9-53:19
	android:name
		ADDED from src\main\AndroidManifest.xml:49:18-73
intent-filter#action:name:com.google.firebase.MESSAGING_EVENT
ADDED from src\main\AndroidManifest.xml:50:13-52:29
action#com.google.firebase.MESSAGING_EVENT
ADDED from src\main\AndroidManifest.xml:51:17-78
	android:name
		ADDED from src\main\AndroidManifest.xml:51:25-75
activity#com.example.FloodAlert.signup
ADDED from src\main\AndroidManifest.xml:55:9-44
	android:name
		ADDED from src\main\AndroidManifest.xml:55:19-41
activity#com.example.FloodAlert.Authentification.Register
ADDED from src\main\AndroidManifest.xml:56:9-63
	android:name
		ADDED from src\main\AndroidManifest.xml:56:19-60
activity#com.example.FloodAlert.Authentification.Login
ADDED from src\main\AndroidManifest.xml:57:9-60
	android:name
		ADDED from src\main\AndroidManifest.xml:57:19-57
activity#com.example.FloodAlert.Citoyens.NavigationCitoyens
ADDED from src\main\AndroidManifest.xml:58:9-61:59
	android:label
		ADDED from src\main\AndroidManifest.xml:60:13-71
	android:theme
		ADDED from src\main\AndroidManifest.xml:61:13-56
	android:name
		ADDED from src\main\AndroidManifest.xml:59:13-56
activity#com.example.FloodAlert.Conseils.MainConseils
ADDED from src\main\AndroidManifest.xml:62:9-64:48
	android:label
		ADDED from src\main\AndroidManifest.xml:64:13-45
	android:name
		ADDED from src\main\AndroidManifest.xml:63:13-50
activity#com.example.FloodAlert.TakePicture
ADDED from src\main\AndroidManifest.xml:65:9-67:51
	android:label
		ADDED from src\main\AndroidManifest.xml:67:13-48
	android:name
		ADDED from src\main\AndroidManifest.xml:66:13-40
activity#com.example.FloodAlert.Activecompte
ADDED from src\main\AndroidManifest.xml:68:9-50
	android:name
		ADDED from src\main\AndroidManifest.xml:68:19-47
activity#com.example.FloodAlert.CallingTelephone.Calling
ADDED from src\main\AndroidManifest.xml:79:9-81:47
	android:label
		ADDED from src\main\AndroidManifest.xml:81:13-44
	android:name
		ADDED from src\main\AndroidManifest.xml:80:13-53
activity#com.example.FloodAlert.Authentification.Password
ADDED from src\main\AndroidManifest.xml:83:9-63
	android:name
		ADDED from src\main\AndroidManifest.xml:83:19-60
activity#com.example.FloodAlert.Citoyens.Profile
ADDED from src\main\AndroidManifest.xml:84:9-86:47
	android:label
		ADDED from src\main\AndroidManifest.xml:86:13-44
	android:name
		ADDED from src\main\AndroidManifest.xml:85:13-45
activity#com.example.FloodAlert.Citoyens.UpdateProfile
ADDED from src\main\AndroidManifest.xml:87:9-89:56
	android:label
		ADDED from src\main\AndroidManifest.xml:89:13-53
	android:name
		ADDED from src\main\AndroidManifest.xml:88:13-51
meta-data#com.google.android.geo.API_KEY
ADDED from src\main\AndroidManifest.xml:98:9-100:55
	android:value
		ADDED from src\main\AndroidManifest.xml:100:13-52
	android:name
		ADDED from src\main\AndroidManifest.xml:99:13-58
activity#com.example.FloodAlert.MapsActivity
ADDED from src\main\AndroidManifest.xml:102:9-104:59
	android:label
		ADDED from src\main\AndroidManifest.xml:104:13-56
	android:name
		ADDED from src\main\AndroidManifest.xml:103:13-41
activity#com.example.FloodAlert.EtatReclamation
ADDED from src\main\AndroidManifest.xml:105:9-107:55
	android:label
		ADDED from src\main\AndroidManifest.xml:107:13-52
	android:name
		ADDED from src\main\AndroidManifest.xml:106:13-44
activity#com.example.FloodAlert.Reclamation.ReclamationActivity
ADDED from src\main\AndroidManifest.xml:108:9-110:55
	android:label
		ADDED from src\main\AndroidManifest.xml:110:13-52
	android:name
		ADDED from src\main\AndroidManifest.xml:109:13-60
activity#com.example.FloodAlert.notification.Notif
ADDED from src\main\AndroidManifest.xml:111:9-113:49
	android:label
		ADDED from src\main\AndroidManifest.xml:113:13-46
	android:name
		ADDED from src\main\AndroidManifest.xml:112:13-47
activity#com.example.FloodAlert.Citoyens.AncienPasswordActivity
ADDED from src\main\AndroidManifest.xml:115:9-119:15
	android:label
		ADDED from src\main\AndroidManifest.xml:117:13-51
	android:name
		ADDED from src\main\AndroidManifest.xml:116:13-60
activity#com.example.FloodAlert.Propos
ADDED from src\main\AndroidManifest.xml:121:9-123:46
	android:label
		ADDED from src\main\AndroidManifest.xml:123:13-43
	android:name
		ADDED from src\main\AndroidManifest.xml:122:13-35
activity#com.example.FloodAlert.Prevision.WebviewActivity
ADDED from src\main\AndroidManifest.xml:125:9-107
	android:label
		ADDED from src\main\AndroidManifest.xml:125:62-95
	android:name
		ADDED from src\main\AndroidManifest.xml:125:19-60
uses-sdk
INJECTED from src\main\AndroidManifest.xml reason: use-sdk injection requested
INJECTED from src\main\AndroidManifest.xml
INJECTED from src\main\AndroidManifest.xml
MERGED from [com.android.support:design:28.0.0] AndroidManifest.xml:20:5-44
MERGED from [com.android.support:design:28.0.0] AndroidManifest.xml:20:5-44
MERGED from [com.weiwangcn.betterspinner:library-material:1.1.0] AndroidManifest.xml:7:5-9:41
MERGED from [com.weiwangcn.betterspinner:library-material:1.1.0] AndroidManifest.xml:7:5-9:41
MERGED from [com.rengwuxian.materialedittext:library:2.0.3] AndroidManifest.xml:6:5-8:41
MERGED from [com.rengwuxian.materialedittext:library:2.0.3] AndroidManifest.xml:6:5-8:41
MERGED from [com.android.support:appcompat-v7:28.0.0] AndroidManifest.xml:20:5-44
MERGED from [com.android.support:appcompat-v7:28.0.0] AndroidManifest.xml:20:5-44
MERGED from [com.google.firebase:firebase-core:16.0.4] AndroidManifest.xml:5:5-44
MERGED from [com.google.firebase:firebase-core:16.0.4] AndroidManifest.xml:5:5-44
MERGED from [com.google.firebase:firebase-messaging:17.3.3] AndroidManifest.xml:20:5-44
MERGED from [com.google.firebase:firebase-messaging:17.3.3] AndroidManifest.xml:20:5-44
MERGED from [com.android.support.constraint:constraint-layout:1.1.3] AndroidManifest.xml:5:5-7:41
MERGED from [com.android.support.constraint:constraint-layout:1.1.3] AndroidManifest.xml:5:5-7:41
MERGED from [com.google.android.gms:play-services-maps:16.1.0] AndroidManifest.xml:20:5-44
MERGED from [com.google.android.gms:play-services-maps:16.1.0] AndroidManifest.xml:20:5-44
MERGED from [com.google.firebase:firebase-database:16.0.1] AndroidManifest.xml:6:5-44
MERGED from [com.google.firebase:firebase-database:16.0.1] AndroidManifest.xml:6:5-44
MERGED from [com.google.firebase:firebase-auth:16.0.4] AndroidManifest.xml:20:5-44
MERGED from [com.google.firebase:firebase-auth:16.0.4] AndroidManifest.xml:20:5-44
MERGED from [com.google.firebase:firebase-measurement-connector-impl:17.0.2] AndroidManifest.xml:20:5-44
MERGED from [com.google.firebase:firebase-measurement-connector-impl:17.0.2] AndroidManifest.xml:20:5-44
MERGED from [com.google.firebase:firebase-analytics:16.0.4] AndroidManifest.xml:20:5-44
MERGED from [com.google.firebase:firebase-analytics:16.0.4] AndroidManifest.xml:20:5-44
MERGED from [com.google.android.gms:play-services-measurement-api:16.0.2] AndroidManifest.xml:20:5-44
MERGED from [com.google.android.gms:play-services-measurement-api:16.0.2] AndroidManifest.xml:20:5-44
MERGED from [com.google.firebase:firebase-analytics-impl:16.2.2] AndroidManifest.xml:20:5-44
MERGED from [com.google.firebase:firebase-analytics-impl:16.2.2] AndroidManifest.xml:20:5-44
MERGED from [com.google.firebase:firebase-iid:17.0.3] AndroidManifest.xml:20:5-44
MERGED from [com.google.firebase:firebase-iid:17.0.3] AndroidManifest.xml:20:5-44
MERGED from [com.google.firebase:firebase-measurement-connector:17.0.1] AndroidManifest.xml:20:5-44
MERGED from [com.google.firebase:firebase-measurement-connector:17.0.1] AndroidManifest.xml:20:5-44
MERGED from [com.google.firebase:firebase-storage:16.0.3] AndroidManifest.xml:19:5-21:41
MERGED from [com.google.firebase:firebase-storage:16.0.3] AndroidManifest.xml:19:5-21:41
MERGED from [com.google.android.gms:play-services-flags:16.0.1] AndroidManifest.xml:20:5-44
MERGED from [com.google.android.gms:play-services-flags:16.0.1] AndroidManifest.xml:20:5-44
MERGED from [com.google.firebase:firebase-auth-interop:16.0.1] AndroidManifest.xml:5:5-44
MERGED from [com.google.firebase:firebase-auth-interop:16.0.1] AndroidManifest.xml:5:5-44
MERGED from [com.google.firebase:firebase-iid-interop:16.0.1] AndroidManifest.xml:5:5-44
MERGED from [com.google.firebase:firebase-iid-interop:16.0.1] AndroidManifest.xml:5:5-44
MERGED from [com.google.android.gms:play-services-base:16.0.1] AndroidManifest.xml:20:5-44
MERGED from [com.google.android.gms:play-services-base:16.0.1] AndroidManifest.xml:20:5-44
MERGED from [com.google.firebase:firebase-database-collection:15.0.1] AndroidManifest.xml:6:5-44
MERGED from [com.google.firebase:firebase-database-collection:15.0.1] AndroidManifest.xml:6:5-44
MERGED from [com.google.firebase:firebase-database-connection:16.0.1] AndroidManifest.xml:6:5-44
MERGED from [com.google.firebase:firebase-database-connection:16.0.1] AndroidManifest.xml:6:5-44
MERGED from [com.google.android.gms:play-services-stats:16.0.1] AndroidManifest.xml:5:5-44
MERGED from [com.google.android.gms:play-services-stats:16.0.1] AndroidManifest.xml:5:5-44
MERGED from [com.google.android.gms:play-services-ads-identifier:16.0.0] AndroidManifest.xml:20:5-44
MERGED from [com.google.android.gms:play-services-ads-identifier:16.0.0] AndroidManifest.xml:20:5-44
MERGED from [com.google.firebase:firebase-common:16.0.3] AndroidManifest.xml:5:5-7:41
MERGED from [com.google.firebase:firebase-common:16.0.3] AndroidManifest.xml:5:5-7:41
MERGED from [com.google.android.gms:play-services-tasks:16.0.1] AndroidManifest.xml:5:5-44
MERGED from [com.google.android.gms:play-services-tasks:16.0.1] AndroidManifest.xml:5:5-44
MERGED from [com.google.android.gms:play-services-basement:16.0.1] AndroidManifest.xml:20:5-44
MERGED from [com.google.android.gms:play-services-basement:16.0.1] AndroidManifest.xml:20:5-44
MERGED from [com.android.support:support-v4:28.0.0] AndroidManifest.xml:20:5-44
MERGED from [com.android.support:support-v4:28.0.0] AndroidManifest.xml:20:5-44
MERGED from [com.android.volley:volley:1.1.1] AndroidManifest.xml:7:5-43
MERGED from [com.android.volley:volley:1.1.1] AndroidManifest.xml:7:5-43
MERGED from [com.github.lecho:hellocharts-library:1.5.8] AndroidManifest.xml:7:5-9:41
MERGED from [com.github.lecho:hellocharts-library:1.5.8] AndroidManifest.xml:7:5-9:41
MERGED from [com.android.support:recyclerview-v7:28.0.0] AndroidManifest.xml:20:5-44
MERGED from [com.android.support:recyclerview-v7:28.0.0] AndroidManifest.xml:20:5-44
MERGED from [com.android.support:animated-vector-drawable:28.0.0] AndroidManifest.xml:20:5-44
MERGED from [com.android.support:animated-vector-drawable:28.0.0] AndroidManifest.xml:20:5-44
MERGED from [com.android.support:support-vector-drawable:28.0.0] AndroidManifest.xml:20:5-44
MERGED from [com.android.support:support-vector-drawable:28.0.0] AndroidManifest.xml:20:5-44
MERGED from [com.android.support:cardview-v7:28.0.0] AndroidManifest.xml:20:5-44
MERGED from [com.android.support:cardview-v7:28.0.0] AndroidManifest.xml:20:5-44
MERGED from [com.parse:parse-livequery-android:1.0.6] AndroidManifest.xml:16:5-18:41
MERGED from [com.parse:parse-livequery-android:1.0.6] AndroidManifest.xml:16:5-18:41
MERGED from [com.squareup.picasso:picasso:2.71828] AndroidManifest.xml:5:5-44
MERGED from [com.squareup.picasso:picasso:2.71828] AndroidManifest.xml:5:5-44
MERGED from [com.android.support:support-fragment:28.0.0] AndroidManifest.xml:20:5-44
MERGED from [com.android.support:support-fragment:28.0.0] AndroidManifest.xml:20:5-44
MERGED from [com.android.support:support-core-ui:28.0.0] AndroidManifest.xml:20:5-44
MERGED from [com.android.support:support-core-ui:28.0.0] AndroidManifest.xml:20:5-44
MERGED from [com.android.support:transition:28.0.0] AndroidManifest.xml:20:5-44
MERGED from [com.android.support:transition:28.0.0] AndroidManifest.xml:20:5-44
MERGED from [com.android.support:viewpager:28.0.0] AndroidManifest.xml:20:5-44
MERGED from [com.android.support:viewpager:28.0.0] AndroidManifest.xml:20:5-44
MERGED from [com.android.support:coordinatorlayout:28.0.0] AndroidManifest.xml:20:5-44
MERGED from [com.android.support:coordinatorlayout:28.0.0] AndroidManifest.xml:20:5-44
MERGED from [com.android.support:drawerlayout:28.0.0] AndroidManifest.xml:20:5-44
MERGED from [com.android.support:drawerlayout:28.0.0] AndroidManifest.xml:20:5-44
MERGED from [com.android.support:slidingpanelayout:28.0.0] AndroidManifest.xml:20:5-44
MERGED from [com.android.support:slidingpanelayout:28.0.0] AndroidManifest.xml:20:5-44
MERGED from [com.android.support:customview:28.0.0] AndroidManifest.xml:20:5-44
MERGED from [com.android.support:customview:28.0.0] AndroidManifest.xml:20:5-44
MERGED from [com.android.support:swiperefreshlayout:28.0.0] AndroidManifest.xml:20:5-44
MERGED from [com.android.support:swiperefreshlayout:28.0.0] AndroidManifest.xml:20:5-44
MERGED from [com.android.support:asynclayoutinflater:28.0.0] AndroidManifest.xml:20:5-44
MERGED from [com.android.support:asynclayoutinflater:28.0.0] AndroidManifest.xml:20:5-44
MERGED from [com.android.support:support-core-utils:28.0.0] AndroidManifest.xml:20:5-44
MERGED from [com.android.support:support-core-utils:28.0.0] AndroidManifest.xml:20:5-44
MERGED from [com.android.support:loader:28.0.0] AndroidManifest.xml:20:5-44
MERGED from [com.android.support:loader:28.0.0] AndroidManifest.xml:20:5-44
MERGED from [com.android.support:support-media-compat:28.0.0] AndroidManifest.xml:20:5-44
MERGED from [com.android.support:support-media-compat:28.0.0] AndroidManifest.xml:20:5-44
MERGED from [com.android.support:support-compat:28.0.0] AndroidManifest.xml:20:5-44
MERGED from [com.android.support:support-compat:28.0.0] AndroidManifest.xml:20:5-44
MERGED from [android.arch.lifecycle:livedata:1.1.1] AndroidManifest.xml:20:5-44
MERGED from [android.arch.lifecycle:livedata:1.1.1] AndroidManifest.xml:20:5-44
MERGED from [android.arch.lifecycle:livedata-core:1.1.1] AndroidManifest.xml:20:5-44
MERGED from [android.arch.lifecycle:livedata-core:1.1.1] AndroidManifest.xml:20:5-44
MERGED from [android.arch.core:runtime:1.1.1] AndroidManifest.xml:20:5-44
MERGED from [android.arch.core:runtime:1.1.1] AndroidManifest.xml:20:5-44
MERGED from [android.arch.lifecycle:runtime:1.1.1] AndroidManifest.xml:20:5-44